0 info it worked if it ends with ok
1 verbose cli [ '/usr/local/Cellar/node/5.3.0/bin/node',
1 verbose cli   '/usr/local/bin/npm',
1 verbose cli   'version',
1 verbose cli   'patch' ]
2 info using npm@3.3.12
3 info using node@v5.3.0
4 info git [ 'status', '--porcelain' ]
5 verbose stack Error: Git working directory not clean.
5 verbose stack M  README.md
5 verbose stack M  css/main.css
5 verbose stack A  css/scss/_forms.scss
5 verbose stack M  css/scss/main.scss
5 verbose stack M  css/scss/mixins/_variables.scss
5 verbose stack M  demos/cards.html
5 verbose stack A  demos/forms.html
5 verbose stack M  demos/grid.html
5 verbose stack M  demos/wings.html
5 verbose stack M  gulpfile.js
5 verbose stack A  npm-debug.log
5 verbose stack M  package.json
5 verbose stack     at /usr/local/lib/node_modules/npm/lib/version.js:172:21
5 verbose stack     at ChildProcess.exithandler (child_process.js:204:7)
5 verbose stack     at emitTwo (events.js:87:13)
5 verbose stack     at ChildProcess.emit (events.js:172:7)
5 verbose stack     at maybeClose (internal/child_process.js:818:16)
5 verbose stack     at Socket.<anonymous> (internal/child_process.js:319:11)
5 verbose stack     at emitOne (events.js:77:13)
5 verbose stack     at Socket.emit (events.js:169:7)
5 verbose stack     at Pipe._onclose (net.js:469:12)
6 verbose cwd /Library/WebServer/Documents/StratumUI
7 error Darwin 15.2.0
8 error argv "/usr/local/Cellar/node/5.3.0/bin/node" "/usr/local/bin/npm" "version" "patch"
9 error node v5.3.0
10 error npm  v3.3.12
11 error Git working directory not clean.
11 error M  README.md
11 error M  css/main.css
11 error A  css/scss/_forms.scss
11 error M  css/scss/main.scss
11 error M  css/scss/mixins/_variables.scss
11 error M  demos/cards.html
11 error A  demos/forms.html
11 error M  demos/grid.html
11 error M  demos/wings.html
11 error M  gulpfile.js
11 error A  npm-debug.log
11 error M  package.json
12 error If you need help, you may report this error at:
12 error     <https://github.com/npm/npm/issues>
13 verbose exit [ 1, true ]
